[INFO] Configuration:
    Dataset Path: data/coco
    Batch Size: 32
    Learning Rate: 1e-5
    Optimizer: AdamW
    Epochs: 10

[INFO] Epoch 1/10
[TRAIN] Step: 100/1000 | Loss: 1.590 | LR: 8.1e-6
[TRAIN] Step: 200/1000 | Loss: 1.390 | LR: 9.0e-6
[TRAIN] Step: 300/1000 | Loss: 1.280 | LR: 1e-5
[VALID] Validation Results:
    BLEU@4: 38.3
    METEOR: 28.1
    CIDEr: 117.5
    SPICE: 20.3

[INFO] Epoch 2/10
[TRAIN] Step: 100/1000 | Loss: 1.105 | LR: 1e-5
[TRAIN] Step: 200/1000 | Loss: 1.045 | LR: 1e-5
[TRAIN] Step: 300/1000 | Loss: 1.015 | LR: 1e-5
[VALID] Validation Results:
    BLEU@4: 39.5
    METEOR: 28.9
    CIDEr: 127.8
    SPICE: 21.2

[INFO] Epoch 3/10
[TRAIN] Step: 100/1000 | Loss: 0.975 | LR: 1e-5
[TRAIN] Step: 200/1000 | Loss: 0.915 | LR: 1e-5
[TRAIN] Step: 300/1000 | Loss: 0.895 | LR: 1e-5
[VALID] Validation Results:
    BLEU@4: 40.4
    METEOR: 29.0
    CIDEr: 132.9
    SPICE: 22.1

[INFO] Epoch 4/10
[TRAIN] Step: 100/1000 | Loss: 0.860 | LR: 1e-5
[TRAIN] Step: 200/1000 | Loss: 0.815 | LR: 1e-5
[TRAIN] Step: 300/1000 | Loss: 0.805 | LR: 1e-5
[VALID] Validation Results:
    BLEU@4: 40.9
    METEOR: 29.4
    CIDEr: 134.7
    SPICE: 22.7

[INFO] Epoch 5/10
[TRAIN] Step: 100/1000 | Loss: 0.755 | LR: 1e-5
[TRAIN] Step: 200/1000 | Loss: 0.715 | LR: 1e-5
[TRAIN] Step: 300/1000 | Loss: 0.705 | LR: 1e-5
[VALID] Validation Results:
    BLEU@4: 41.3
    METEOR: 29.7
    CIDEr: 136.8
    SPICE: 22.9
